<?xml version="1.0" encoding="UTF-8"?>
<!-- Generated by org.testng.reporters.JUnitReportReporter -->
<testsuite hostname="DESKTOP-H972F70" failures="0" tests="1" name="com.jtaf.ohrm.testcases.AdminPageTest" time="4.086" errors="0" timestamp="2023-03-08T17:00:44 IST" skipped="0">
  <testcase classname="com.jtaf.ohrm.testcases.AdminPageTest" name="adminPageTest" time="4.086"/>
  <system-out>
    <![CDATA[<br>
adminPageTest Test Passed..!!
<br>
<a target='_blank' href='D:\Environment_Collection\Eclipse_Env\Workspace\SeleniumPageObjectModelFramework\src\test\resources\com\jtaf\screenshots\08_03_2023_05_00_42.png'><img src= 'D:\Environment_Collection\Eclipse_Env\Workspace\SeleniumPageObjectModelFramework\src\test\resources\com\jtaf\screenshots\08_03_2023_05_00_42.png' height='100' width='100' /></a>]]>
  </system-out>
</testsuite> <!-- com.jtaf.ohrm.testcases.AdminPageTest -->
